2015-01-29 00:09:18,120 - KindFileResourceLoader : file loader failed to load: VM_global_library.vm
2015-01-29 00:09:18,120 - KindFileResourceLoader : classpath loader failed to load: VM_global_library.vm
2015-01-29 00:09:18,121 - KindFileResourceLoader : file loader failed to load: VM_global_library.vm
2015-01-29 00:09:18,121 - KindFileResourceLoader : classpath loader failed to load: VM_global_library.vm
2015-01-29 00:09:44,916 - KindFileResourceLoader : file loader failed to load: VM_global_library.vm
2015-01-29 00:09:44,917 - KindFileResourceLoader : classpath loader failed to load: VM_global_library.vm
2015-01-29 00:09:44,918 - KindFileResourceLoader : file loader failed to load: VM_global_library.vm
2015-01-29 00:09:44,918 - KindFileResourceLoader : classpath loader failed to load: VM_global_library.vm
2015-01-29 00:10:31,888 - KindFileResourceLoader : file loader failed to load: VM_global_library.vm
2015-01-29 00:10:31,888 - KindFileResourceLoader : classpath loader failed to load: VM_global_library.vm
2015-01-29 00:10:31,890 - KindFileResourceLoader : file loader failed to load: VM_global_library.vm
2015-01-29 00:10:31,890 - KindFileResourceLoader : classpath loader failed to load: VM_global_library.vm
2015-01-29 00:14:40,495 - KindFileResourceLoader : file loader failed to load: VM_global_library.vm
2015-01-29 00:14:40,495 - KindFileResourceLoader : classpath loader failed to load: VM_global_library.vm
2015-01-29 00:14:40,496 - KindFileResourceLoader : file loader failed to load: VM_global_library.vm
2015-01-29 00:14:40,496 - KindFileResourceLoader : classpath loader failed to load: VM_global_library.vm
2015-01-29 00:19:11,002 - KindFileResourceLoader : file loader failed to load: VM_global_library.vm
2015-01-29 00:19:11,003 - KindFileResourceLoader : classpath loader failed to load: VM_global_library.vm
2015-01-29 00:19:11,004 - KindFileResourceLoader : file loader failed to load: VM_global_library.vm
2015-01-29 00:19:11,004 - KindFileResourceLoader : classpath loader failed to load: VM_global_library.vm
2015-01-29 16:42:49,652 - KindFileResourceLoader : file loader failed to load: VM_global_library.vm
2015-01-29 16:42:49,652 - KindFileResourceLoader : classpath loader failed to load: VM_global_library.vm
2015-01-29 16:42:49,653 - KindFileResourceLoader : file loader failed to load: VM_global_library.vm
2015-01-29 16:42:49,653 - KindFileResourceLoader : classpath loader failed to load: VM_global_library.vm
2015-01-29 16:54:53,438 - KindFileResourceLoader : file loader failed to load: VM_global_library.vm
2015-01-29 16:54:53,438 - KindFileResourceLoader : classpath loader failed to load: VM_global_library.vm
2015-01-29 16:54:53,439 - KindFileResourceLoader : file loader failed to load: VM_global_library.vm
2015-01-29 16:54:53,439 - KindFileResourceLoader : classpath loader failed to load: VM_global_library.vm
2015-01-29 16:56:23,043 - KindFileResourceLoader : file loader failed to load: VM_global_library.vm
2015-01-29 16:56:23,044 - KindFileResourceLoader : classpath loader failed to load: VM_global_library.vm
2015-01-29 16:56:23,045 - KindFileResourceLoader : file loader failed to load: VM_global_library.vm
2015-01-29 16:56:23,045 - KindFileResourceLoader : classpath loader failed to load: VM_global_library.vm
2015-01-29 16:57:15,334 - KindFileResourceLoader : file loader failed to load: VM_global_library.vm
2015-01-29 16:57:15,335 - KindFileResourceLoader : classpath loader failed to load: VM_global_library.vm
2015-01-29 16:57:15,335 - KindFileResourceLoader : file loader failed to load: VM_global_library.vm
2015-01-29 16:57:15,336 - KindFileResourceLoader : classpath loader failed to load: VM_global_library.vm
2015-01-29 16:57:15,821 - Parser Exception: Bean.vm
org.apache.velocity.runtime.parser.ParseException: Encountered "#else" at line 21, column 53.
Was expecting one of:
    "(" ...
    <RPAREN> ...
    <ESCAPE_DIRECTIVE> ...
    <SET_DIRECTIVE> ...
    "##" ...
    "\\\\" ...
    "\\" ...
    <TEXT> ...
    "*#" ...
    "*#" ...
    <STRING_LITERAL> ...
    <END> ...
    <IF_DIRECTIVE> ...
    <STOP_DIRECTIVE> ...
    <INTEGER_LITERAL> ...
    <FLOATING_POINT_LITERAL> ...
    <WORD> ...
    <BRACKETED_WORD> ...
    <IDENTIFIER> ...
    <DOT> ...
    "{" ...
    "}" ...
    
	at org.apache.velocity.runtime.parser.Parser.generateParseException(Parser.java:3441)
	at org.apache.velocity.runtime.parser.Parser.jj_consume_token(Parser.java:3318)
	at org.apache.velocity.runtime.parser.Parser.Directive(Parser.java:909)
	at org.apache.velocity.runtime.parser.Parser.Statement(Parser.java:373)
	at org.apache.velocity.runtime.parser.Parser.process(Parser.java:311)
	at org.apache.velocity.runtime.parser.Parser.parse(Parser.java:105)
	at org.apache.velocity.runtime.RuntimeInstance.parse(RuntimeInstance.java:1131)
	at org.apache.velocity.runtime.RuntimeInstance.parse(RuntimeInstance.java:1086)
	at org.apache.velocity.Template.process(Template.java:124)
	at org.apache.velocity.runtime.resource.ResourceManagerImpl.loadResource(ResourceManagerImpl.java:446)
	at org.apache.velocity.runtime.resource.ResourceManagerImpl.getResource(ResourceManagerImpl.java:354)
	at org.apache.velocity.runtime.RuntimeInstance.getTemplate(RuntimeInstance.java:1400)
	at org.apache.velocity.runtime.RuntimeSingleton.getTemplate(RuntimeSingleton.java:326)
	at org.apache.velocity.app.Velocity.getTemplate(Velocity.java:404)
	at org.ganjp.extend.ant.BaseGenCodeTask.setTemplate(BaseGenCodeTask.java:162)
	at org.ganjp.extend.ant.BaseGenCodeTask.execute(BaseGenCodeTask.java:68)
	at sun.reflect.NativeMethodAccessorImpl.invoke0(Native Method)
	at sun.reflect.NativeMethodAccessorImpl.invoke(NativeMethodAccessorImpl.java:57)
	at sun.reflect.DelegatingMethodAccessorImpl.invoke(DelegatingMethodAccessorImpl.java:43)
	at java.lang.reflect.Method.invoke(Method.java:606)
	at org.apache.tools.ant.dispatch.DispatchUtils.execute(DispatchUtils.java:106)
	at org.apache.tools.ant.TaskAdapter.execute(TaskAdapter.java:154)
	at org.apache.tools.ant.UnknownElement.execute(UnknownElement.java:292)
	at sun.reflect.GeneratedMethodAccessor4.invoke(Unknown Source)
	at sun.reflect.DelegatingMethodAccessorImpl.invoke(DelegatingMethodAccessorImpl.java:43)
	at java.lang.reflect.Method.invoke(Method.java:606)
	at org.apache.tools.ant.dispatch.DispatchUtils.execute(DispatchUtils.java:106)
	at org.apache.tools.ant.Task.perform(Task.java:348)
	at org.apache.tools.ant.Target.execute(Target.java:435)
	at org.apache.tools.ant.Target.performTasks(Target.java:456)
	at org.apache.tools.ant.Project.executeSortedTargets(Project.java:1393)
	at org.apache.tools.ant.Project.executeTarget(Project.java:1364)
	at org.apache.tools.ant.helper.DefaultExecutor.executeTargets(DefaultExecutor.java:41)
	at org.eclipse.ant.internal.launching.remote.EclipseDefaultExecutor.executeTargets(EclipseDefaultExecutor.java:36)
	at org.apache.tools.ant.Project.executeTargets(Project.java:1248)
	at org.eclipse.ant.internal.launching.remote.InternalAntRunner.run(InternalAntRunner.java:452)
	at org.eclipse.ant.internal.launching.remote.InternalAntRunner.main(InternalAntRunner.java:139)
2015-01-29 16:57:15,836 - ResourceManager.getResource() parse exception
org.apache.velocity.exception.ParseErrorException: Encountered "#else" at Bean.vm[line 21, column 53]
Was expecting one of:
    "(" ...
    <RPAREN> ...
    <ESCAPE_DIRECTIVE> ...
    <SET_DIRECTIVE> ...
    "##" ...
    "\\\\" ...
    "\\" ...
    <TEXT> ...
    "*#" ...
    "*#" ...
    <STRING_LITERAL> ...
    <END> ...
    <IF_DIRECTIVE> ...
    <STOP_DIRECTIVE> ...
    <INTEGER_LITERAL> ...
    <FLOATING_POINT_LITERAL> ...
    <WORD> ...
    <BRACKETED_WORD> ...
    <IDENTIFIER> ...
    <DOT> ...
    "{" ...
    "}" ...
    
	at org.apache.velocity.Template.process(Template.java:141)
	at org.apache.velocity.runtime.resource.ResourceManagerImpl.loadResource(ResourceManagerImpl.java:446)
	at org.apache.velocity.runtime.resource.ResourceManagerImpl.getResource(ResourceManagerImpl.java:354)
	at org.apache.velocity.runtime.RuntimeInstance.getTemplate(RuntimeInstance.java:1400)
	at org.apache.velocity.runtime.RuntimeSingleton.getTemplate(RuntimeSingleton.java:326)
	at org.apache.velocity.app.Velocity.getTemplate(Velocity.java:404)
	at org.ganjp.extend.ant.BaseGenCodeTask.setTemplate(BaseGenCodeTask.java:162)
	at org.ganjp.extend.ant.BaseGenCodeTask.execute(BaseGenCodeTask.java:68)
	at sun.reflect.NativeMethodAccessorImpl.invoke0(Native Method)
	at sun.reflect.NativeMethodAccessorImpl.invoke(NativeMethodAccessorImpl.java:57)
	at sun.reflect.DelegatingMethodAccessorImpl.invoke(DelegatingMethodAccessorImpl.java:43)
	at java.lang.reflect.Method.invoke(Method.java:606)
	at org.apache.tools.ant.dispatch.DispatchUtils.execute(DispatchUtils.java:106)
	at org.apache.tools.ant.TaskAdapter.execute(TaskAdapter.java:154)
	at org.apache.tools.ant.UnknownElement.execute(UnknownElement.java:292)
	at sun.reflect.GeneratedMethodAccessor4.invoke(Unknown Source)
	at sun.reflect.DelegatingMethodAccessorImpl.invoke(DelegatingMethodAccessorImpl.java:43)
	at java.lang.reflect.Method.invoke(Method.java:606)
	at org.apache.tools.ant.dispatch.DispatchUtils.execute(DispatchUtils.java:106)
	at org.apache.tools.ant.Task.perform(Task.java:348)
	at org.apache.tools.ant.Target.execute(Target.java:435)
	at org.apache.tools.ant.Target.performTasks(Target.java:456)
	at org.apache.tools.ant.Project.executeSortedTargets(Project.java:1393)
	at org.apache.tools.ant.Project.executeTarget(Project.java:1364)
	at org.apache.tools.ant.helper.DefaultExecutor.executeTargets(DefaultExecutor.java:41)
	at org.eclipse.ant.internal.launching.remote.EclipseDefaultExecutor.executeTargets(EclipseDefaultExecutor.java:36)
	at org.apache.tools.ant.Project.executeTargets(Project.java:1248)
	at org.eclipse.ant.internal.launching.remote.InternalAntRunner.run(InternalAntRunner.java:452)
	at org.eclipse.ant.internal.launching.remote.InternalAntRunner.main(InternalAntRunner.java:139)
2015-01-29 17:00:35,165 - KindFileResourceLoader : file loader failed to load: VM_global_library.vm
2015-01-29 17:00:35,166 - KindFileResourceLoader : classpath loader failed to load: VM_global_library.vm
2015-01-29 17:00:35,167 - KindFileResourceLoader : file loader failed to load: VM_global_library.vm
2015-01-29 17:00:35,167 - KindFileResourceLoader : classpath loader failed to load: VM_global_library.vm
2015-01-29 17:03:23,723 - KindFileResourceLoader : file loader failed to load: VM_global_library.vm
2015-01-29 17:03:23,724 - KindFileResourceLoader : classpath loader failed to load: VM_global_library.vm
2015-01-29 17:03:23,726 - KindFileResourceLoader : file loader failed to load: VM_global_library.vm
2015-01-29 17:03:23,726 - KindFileResourceLoader : classpath loader failed to load: VM_global_library.vm
2015-01-29 17:04:00,751 - KindFileResourceLoader : file loader failed to load: VM_global_library.vm
2015-01-29 17:04:00,751 - KindFileResourceLoader : classpath loader failed to load: VM_global_library.vm
2015-01-29 17:04:00,752 - KindFileResourceLoader : file loader failed to load: VM_global_library.vm
2015-01-29 17:04:00,752 - KindFileResourceLoader : classpath loader failed to load: VM_global_library.vm
2015-01-29 17:06:26,681 - KindFileResourceLoader : file loader failed to load: VM_global_library.vm
2015-01-29 17:06:26,681 - KindFileResourceLoader : classpath loader failed to load: VM_global_library.vm
2015-01-29 17:06:26,682 - KindFileResourceLoader : file loader failed to load: VM_global_library.vm
2015-01-29 17:06:26,682 - KindFileResourceLoader : classpath loader failed to load: VM_global_library.vm
2015-01-29 17:06:41,971 - KindFileResourceLoader : file loader failed to load: VM_global_library.vm
2015-01-29 17:06:41,971 - KindFileResourceLoader : classpath loader failed to load: VM_global_library.vm
2015-01-29 17:06:41,972 - KindFileResourceLoader : file loader failed to load: VM_global_library.vm
2015-01-29 17:06:41,972 - KindFileResourceLoader : classpath loader failed to load: VM_global_library.vm
2015-01-29 17:08:06,182 - KindFileResourceLoader : file loader failed to load: VM_global_library.vm
2015-01-29 17:08:06,182 - KindFileResourceLoader : classpath loader failed to load: VM_global_library.vm
2015-01-29 17:08:06,183 - KindFileResourceLoader : file loader failed to load: VM_global_library.vm
2015-01-29 17:08:06,183 - KindFileResourceLoader : classpath loader failed to load: VM_global_library.vm
2015-01-29 17:08:40,651 - KindFileResourceLoader : file loader failed to load: VM_global_library.vm
2015-01-29 17:08:40,651 - KindFileResourceLoader : classpath loader failed to load: VM_global_library.vm
2015-01-29 17:08:40,652 - KindFileResourceLoader : file loader failed to load: VM_global_library.vm
2015-01-29 17:08:40,652 - KindFileResourceLoader : classpath loader failed to load: VM_global_library.vm
2015-01-29 17:09:05,165 - KindFileResourceLoader : file loader failed to load: VM_global_library.vm
2015-01-29 17:09:05,166 - KindFileResourceLoader : classpath loader failed to load: VM_global_library.vm
2015-01-29 17:09:05,167 - KindFileResourceLoader : file loader failed to load: VM_global_library.vm
2015-01-29 17:09:05,167 - KindFileResourceLoader : classpath loader failed to load: VM_global_library.vm
2015-01-29 17:11:19,600 - KindFileResourceLoader : file loader failed to load: VM_global_library.vm
2015-01-29 17:11:19,601 - KindFileResourceLoader : classpath loader failed to load: VM_global_library.vm
2015-01-29 17:11:19,603 - KindFileResourceLoader : file loader failed to load: VM_global_library.vm
2015-01-29 17:11:19,603 - KindFileResourceLoader : classpath loader failed to load: VM_global_library.vm
2015-01-29 17:12:50,358 - KindFileResourceLoader : file loader failed to load: VM_global_library.vm
2015-01-29 17:12:50,359 - KindFileResourceLoader : classpath loader failed to load: VM_global_library.vm
2015-01-29 17:12:50,360 - KindFileResourceLoader : file loader failed to load: VM_global_library.vm
2015-01-29 17:12:50,360 - KindFileResourceLoader : classpath loader failed to load: VM_global_library.vm
2015-01-29 17:13:08,979 - KindFileResourceLoader : file loader failed to load: VM_global_library.vm
2015-01-29 17:13:08,979 - KindFileResourceLoader : classpath loader failed to load: VM_global_library.vm
2015-01-29 17:13:08,980 - KindFileResourceLoader : file loader failed to load: VM_global_library.vm
2015-01-29 17:13:08,980 - KindFileResourceLoader : classpath loader failed to load: VM_global_library.vm
2015-01-29 17:13:39,948 - KindFileResourceLoader : file loader failed to load: VM_global_library.vm
2015-01-29 17:13:39,949 - KindFileResourceLoader : classpath loader failed to load: VM_global_library.vm
2015-01-29 17:13:39,950 - KindFileResourceLoader : file loader failed to load: VM_global_library.vm
2015-01-29 17:13:39,950 - KindFileResourceLoader : classpath loader failed to load: VM_global_library.vm
2015-01-29 17:14:05,064 - KindFileResourceLoader : file loader failed to load: VM_global_library.vm
2015-01-29 17:14:05,064 - KindFileResourceLoader : classpath loader failed to load: VM_global_library.vm
2015-01-29 17:14:05,078 - KindFileResourceLoader : file loader failed to load: VM_global_library.vm
2015-01-29 17:14:05,078 - KindFileResourceLoader : classpath loader failed to load: VM_global_library.vm
2015-01-29 17:15:39,124 - KindFileResourceLoader : file loader failed to load: VM_global_library.vm
2015-01-29 17:15:39,125 - KindFileResourceLoader : classpath loader failed to load: VM_global_library.vm
2015-01-29 17:15:39,126 - KindFileResourceLoader : file loader failed to load: VM_global_library.vm
2015-01-29 17:15:39,127 - KindFileResourceLoader : classpath loader failed to load: VM_global_library.vm
2015-01-29 17:24:09,799 - KindFileResourceLoader : file loader failed to load: VM_global_library.vm
2015-01-29 17:24:09,799 - KindFileResourceLoader : classpath loader failed to load: VM_global_library.vm
2015-01-29 17:24:09,800 - KindFileResourceLoader : file loader failed to load: VM_global_library.vm
2015-01-29 17:24:09,801 - KindFileResourceLoader : classpath loader failed to load: VM_global_library.vm
2015-01-29 17:24:19,504 - KindFileResourceLoader : file loader failed to load: VM_global_library.vm
2015-01-29 17:24:19,505 - KindFileResourceLoader : classpath loader failed to load: VM_global_library.vm
2015-01-29 17:24:19,506 - KindFileResourceLoader : file loader failed to load: VM_global_library.vm
2015-01-29 17:24:19,506 - KindFileResourceLoader : classpath loader failed to load: VM_global_library.vm
